102.10.08 09:54 A c:\user\didier\I2Mfunctions\widgets\getsignal.m --> aladdin.ill.fr /disk3/people/richard/MATLAB/I2Mfunctions/widgets getsignal.m
102.10.08 09:54 A c:\user\didier\I2Mfunctions\widgets\setSignal.m --> aladdin.ill.fr /disk3/people/richard/MATLAB/I2Mfunctions/widgets setSignal.m
102.10.08 09:54 A c:\user\didier\I2Mfunctions\widgets\widget_base.m --> aladdin.ill.fr /disk3/people/richard/MATLAB/I2Mfunctions/widgets widget_base.m
102.10.08 09:54 A c:\user\didier\I2Mfunctions\widgets\widget_button.m --> aladdin.ill.fr /disk3/people/richard/MATLAB/I2Mfunctions/widgets widget_button.m
102.10.08 09:54 A c:\user\didier\I2Mfunctions\widgets\widget_control.m --> aladdin.ill.fr /disk3/people/richard/MATLAB/I2Mfunctions/widgets widget_control.m
102.10.08 09:54 A c:\user\didier\I2Mfunctions\widgets\widget_draw.m --> aladdin.ill.fr /disk3/people/richard/MATLAB/I2Mfunctions/widgets widget_draw.m
102.10.08 09:54 A c:\user\didier\I2Mfunctions\widgets\widget_droplist.m --> aladdin.ill.fr /disk3/people/richard/MATLAB/I2Mfunctions/widgets widget_droplist.m
102.10.08 09:54 A c:\user\didier\I2Mfunctions\widgets\widget_event.m --> aladdin.ill.fr /disk3/people/richard/MATLAB/I2Mfunctions/widgets widget_event.m
102.10.08 09:54 A c:\user\didier\I2Mfunctions\widgets\widget_font.m --> aladdin.ill.fr /disk3/people/richard/MATLAB/I2Mfunctions/widgets widget_font.m
102.10.08 09:54 A c:\user\didier\I2Mfunctions\widgets\widget_i2mevent.m --> aladdin.ill.fr /disk3/people/richard/MATLAB/I2Mfunctions/widgets widget_i2mevent.m
102.10.08 09:54 A c:\user\didier\I2Mfunctions\widgets\widget_i2mpos.m --> aladdin.ill.fr /disk3/people/richard/MATLAB/I2Mfunctions/widgets widget_i2mpos.m
102.10.08 09:54 A c:\user\didier\I2Mfunctions\widgets\widget_i2mrec.m --> aladdin.ill.fr /disk3/people/richard/MATLAB/I2Mfunctions/widgets widget_i2mrec.m
102.10.08 09:54 A c:\user\didier\I2Mfunctions\widgets\widget_info.m --> aladdin.ill.fr /disk3/people/richard/MATLAB/I2Mfunctions/widgets widget_info.m
102.10.08 09:54 A c:\user\didier\I2Mfunctions\widgets\widget_label.m --> aladdin.ill.fr /disk3/people/richard/MATLAB/I2Mfunctions/widgets widget_label.m
102.10.08 09:54 A c:\user\didier\I2Mfunctions\widgets\widget_list.m --> aladdin.ill.fr /disk3/people/richard/MATLAB/I2Mfunctions/widgets widget_list.m
102.10.08 09:54 A c:\user\didier\I2Mfunctions\widgets\widget_resource.m --> aladdin.ill.fr /disk3/people/richard/MATLAB/I2Mfunctions/widgets widget_resource.m
102.10.08 09:54 A c:\user\didier\I2Mfunctions\widgets\widget_signal.m --> aladdin.ill.fr /disk3/people/richard/MATLAB/I2Mfunctions/widgets widget_signal.m
102.10.08 09:54 A c:\user\didier\I2Mfunctions\widgets\widget_slider.m --> aladdin.ill.fr /disk3/people/richard/MATLAB/I2Mfunctions/widgets widget_slider.m
102.10.08 09:54 A c:\user\didier\I2Mfunctions\widgets\widget_tabinfo.m --> aladdin.ill.fr /disk3/people/richard/MATLAB/I2Mfunctions/widgets widget_tabinfo.m
102.10.08 09:54 A c:\user\didier\I2Mfunctions\widgets\widget_table.m --> aladdin.ill.fr /disk3/people/richard/MATLAB/I2Mfunctions/widgets widget_table.m
102.10.08 09:54 A c:\user\didier\I2Mfunctions\widgets\widget_text.m --> aladdin.ill.fr /disk3/people/richard/MATLAB/I2Mfunctions/widgets widget_text.m
102.10.08 09:54 A c:\user\didier\I2Mfunctions\widgets\widget_valset.m --> aladdin.ill.fr /disk3/people/richard/MATLAB/I2Mfunctions/widgets widget_valset.m
102.10.08 09:54 A c:\user\didier\I2Mfunctions\widgets\xmanager.m --> aladdin.ill.fr /disk3/people/richard/MATLAB/I2Mfunctions/widgets xmanager.m
102.10.08 09:54 A c:\user\didier\I2Mfunctions\widgets\xregistered.m --> aladdin.ill.fr /disk3/people/richard/MATLAB/I2Mfunctions/widgets xregistered.m
